<?xml version="1.0" encoding="UTF-8"?>
<testsuite name="event.logging.impl.EventLoggingServiceIT" tests="14" skipped="0" failures="0" errors="0" timestamp="2017-10-18T14:32:26" hostname="office-linux" time="1.099">
  <properties/>
  <testcase name="testNastyChars2" classname="event.logging.impl.EventLoggingServiceIT" time="0.35"/>
  <testcase name="testAntiMalware" classname="event.logging.impl.EventLoggingServiceIT" time="0.058"/>
  <testcase name="testCreateExportAdvancedQuery" classname="event.logging.impl.EventLoggingServiceIT" time="0.023"/>
  <testcase name="testBasic" classname="event.logging.impl.EventLoggingServiceIT" time="0.029"/>
  <testcase name="testSmartQuotes" classname="event.logging.impl.EventLoggingServiceIT" time="0.02"/>
  <testcase name="testCreateEvent" classname="event.logging.impl.EventLoggingServiceIT" time="0.034"/>
  <testcase name="testCreateQuery" classname="event.logging.impl.EventLoggingServiceIT" time="0.02"/>
  <testcase name="testMultiThread" classname="event.logging.impl.EventLoggingServiceIT" time="0.458"/>
  <testcase name="testMetaWithXML" classname="event.logging.impl.EventLoggingServiceIT" time="0.023"/>
  <testcase name="testMetaWithJSON" classname="event.logging.impl.EventLoggingServiceIT" time="0.022"/>
  <testcase name="testAttributes" classname="event.logging.impl.EventLoggingServiceIT" time="0.015"/>
  <testcase name="testSendReceive" classname="event.logging.impl.EventLoggingServiceIT" time="0.015"/>
  <testcase name="testImport" classname="event.logging.impl.EventLoggingServiceIT" time="0.014"/>
  <testcase name="testNastyChars" classname="event.logging.impl.EventLoggingServiceIT" time="0.014"/>
  <system-out><![CDATA[Total time = 58
Total time = 29
Total time = 33
Total time = 457
Total time = 23
Total time = 22
Total time = 15
]]></system-out>
  <system-err><![CDATA[SLF4J: Failed to load class "org.slf4j.impl.StaticLoggerBinder".
SLF4J: Defaulting to no-operation (NOP) logger implementation
SLF4J: See http://www.slf4j.org/codes.html#StaticLoggerBinder for further details.
]]></system-err>
</testsuite>
