<?xml version="1.0" encoding="UTF-8"?>
<testsuite name="event.logging.impl.TestDefaultEventSerializer" tests="1" skipped="0" failures="0" errors="0" timestamp="2017-10-18T14:32:27" hostname="office-linux" time="0.001">
  <properties/>
  <testcase name="testSerialize" classname="event.logging.impl.TestDefaultEventSerializer" time="0.001"/>
  <system-out><![CDATA[<Event xmlns="event-logging:3">
  <EventDetail>
    <Create>
      <Outcome>
        <Description>This is my desc with a "quoted"text</Description>
        <Data Name="MyName" Value="This is my attr with a &#34;quoted&#34;text"/>
      </Outcome>
    </Create>
  </EventDetail>
</Event>
]]></system-out>
  <system-err><![CDATA[]]></system-err>
</testsuite>
