<?xml version="1.0" encoding="UTF-8"?>
<testsuite name="event.logging.TestDateUtil" tests="3" skipped="0" failures="0" errors="0" timestamp="2017-10-18T14:32:26" hostname="office-linux" time="0.011">
  <properties/>
  <testcase name="testFileFormatParse" classname="event.logging.TestDateUtil" time="0.01"/>
  <testcase name="testLeftPad" classname="event.logging.TestDateUtil" time="0.0"/>
  <testcase name="testNormalFormatParse" classname="event.logging.TestDateUtil" time="0.0"/>
  <system-out><![CDATA[]]></system-out>
  <system-err><![CDATA[]]></system-err>
</testsuite>
