<?xml version="1.0" encoding="UTF-8"?>
<testsuite name="event.logging.impl.TestValidation" tests="6" skipped="0" failures="0" errors="0" timestamp="2017-10-18T14:32:27" hostname="office-linux" time="0.053">
  <properties/>
  <testcase name="testValidationOffByMethod" classname="event.logging.impl.TestValidation" time="0.008"/>
  <testcase name="testSchemaExists" classname="event.logging.impl.TestValidation" time="0.007"/>
  <testcase name="testValidationPassed" classname="event.logging.impl.TestValidation" time="0.007"/>
  <testcase name="testValidationOffBySystemProperty" classname="event.logging.impl.TestValidation" time="0.006"/>
  <testcase name="testValidationOnBySystemProperty" classname="event.logging.impl.TestValidation" time="0.01"/>
  <testcase name="testValidationOnByMethod" classname="event.logging.impl.TestValidation" time="0.013"/>
  <system-out><![CDATA[]]></system-out>
  <system-err><![CDATA[]]></system-err>
</testsuite>
